Log file open, 08/13/17 20:40:49
LogInit:Display: Running engine for game: PatchBounce
LogPlatformFile: Not using cached read wrapper
LogInit:Display: RandInit(252607781) SRandInit(252607781).
LogTaskGraph: Started task graph with 5 named threads and 6 total threads with 1 sets of task threads.
LogStats: Stats thread started at 0.052955
LogInit: Using libcurl 7.47.1
LogInit:  - built for x86_64-pc-win32
LogInit:  - supports SSL with OpenSSL/1.0.2g
LogInit:  - supports HTTP deflate (compression) using libz 1.2.8
LogInit:  - other features:
LogInit:      CURL_VERSION_SSL
LogInit:      CURL_VERSION_LIBZ
LogInit:      CURL_VERSION_IPV6
LogInit:      CURL_VERSION_ASYNCHDNS
LogInit:      CURL_VERSION_LARGEFILE
LogInit:      CURL_VERSION_IDN
LogInit:  CurlRequestOptions (configurable via config and command line):
LogInit:  - bVerifyPeer = false  - Libcurl will NOT verify peer certificate
LogInit:  - bUseHttpProxy = false  - Libcurl will NOT use HTTP proxy
LogInit:  - bDontReuseConnections = false  - Libcurl will reuse connections
LogInit:  - CertBundlePath = nullptr  - Libcurl will use whatever was configured at build time.
LogInit: Build: ++UE4+Release-4.16-CL-3514769
LogInit: Engine Version: 4.16.2-3514769+++UE4+Release-4.16
LogInit: Compatible Engine Version: 4.16.0-3452394+++UE4+Release-4.16
LogInit: Net CL: 3452394
LogDevObjectVersion: Number of dev versions registered: 16
LogDevObjectVersion:   Dev-Blueprints (B0D832E4-1F89-4F0D-ACCF-7EB736FD4AA2): 9
LogDevObjectVersion:   Dev-Build (E1C64328-A22C-4D53-A36C-8E866417BD8C): 0
LogDevObjectVersion:   Dev-Core (375EC13C-06E4-48FB-B500-84F0262A717E): 2
LogDevObjectVersion:   Dev-Editor (E4B068ED-F494-42E9-A231-DA0B2E46BB41): 17
LogDevObjectVersion:   Dev-Framework (CFFC743F-43B0-4480-9391-14DF171D2073): 23
LogDevObjectVersion:   Dev-Mobile (B02B49B5-BB20-44E9-A304-32B752E40360): 0
LogDevObjectVersion:   Dev-Networking (A4E4105C-59A1-49B5-A7C5-40C4547EDFEE): 0
LogDevObjectVersion:   Dev-Online (39C831C9-5AE6-47DC-9A44-9C173E1C8E7C): 0
LogDevObjectVersion:   Dev-Physics (78F01B33-EBEA-4F98-B9B4-84EACCB95AA2): 0
LogDevObjectVersion:   Dev-Platform (6631380F-2D4D-43E0-8009-CF276956A95A): 0
LogDevObjectVersion:   Dev-Rendering (12F88B9F-8875-4AFC-A67C-D90C383ABD29): 15
LogDevObjectVersion:   Dev-Sequencer (7B5AE74C-D270-4C10-A958-57980B212A5A): 4
LogDevObjectVersion:   Dev-VR (D7296918-1DD6-4BDD-9DE2-64A83CC13884): 0
LogDevObjectVersion:   Dev-LoadTimes (C2A15278-BFE7-4AFE-6C17-90FF531DF755): 1
LogDevObjectVersion:   Private-Geometry (6EACA3D4-40EC-4CC1-B786-8BED09428FC5): 1
LogDevObjectVersion:   Dev-AnimPhys (29E575DD-E0A3-4627-9D10-D276232CDCEA): 3
LogInit: Compiled (64-bit): Jun 29 2017 02:03:24
LogInit: Compiled with Visual C++: 19.00.24215.01
LogInit: Build Configuration: Development
LogInit: Branch Name: ++UE4+Release-4.16
LogInit: Command line:  /Temp/Autosaves/Game/Levels/UEDPCLevel_test -game -PIEVIACONSOLE -ResX=1280 -ResY=720  -Multiprocess -messaging -SessionName="Play in Standalone Game" -featureleveles2 -faketouches -windowed 
LogInit: Base directory: I:/Program Files/Epic Games/UE_4.16/Engine/Binaries/Win64/
LogInit: Installed Engine Build: 1
LogInit: Presizing for max 8388607 objects, including 0 objects not considered by GC, pre-allocating 0 bytes for permanent pool.
LogInit: Object subsystem initialized
[2017.08.13-17.40.49:850][  0]LogInit: Selected Device Profile: [Windows]
[2017.08.13-17.40.49:850][  0]LogInit: Applying CVar settings loaded from the selected device profile: [Windows]
[2017.08.13-17.40.49:854][  0]LogInit: Computer: PC-LITE
[2017.08.13-17.40.49:854][  0]LogInit: User: User
[2017.08.13-17.40.49:854][  0]LogInit: CPU Page size=4096, Cores=2
[2017.08.13-17.40.49:854][  0]LogInit: High frequency timer resolution =3.609372 MHz
[2017.08.13-17.40.49:854][  0]LogMemory: Memory total: Physical=7.9GB (8GB approx)
[2017.08.13-17.40.49:854][  0]LogMemory: Platform Memory Stats for Windows
[2017.08.13-17.40.49:854][  0]LogMemory: Process Physical Memory: 272.16 MB used, 272.16 MB peak
[2017.08.13-17.40.49:854][  0]LogMemory: Process Virtual Memory: 258.22 MB used, 258.22 MB peak
[2017.08.13-17.40.49:854][  0]LogMemory: Physical Memory: 3317.47 MB used,  4818.61 MB free, 8136.09 MB total
[2017.08.13-17.40.49:854][  0]LogMemory: Virtual Memory: 634.04 MB used,  4818.61 MB free, 134217728.00 MB total
[2017.08.13-17.40.49:909][  0]LogInit: Using OS detected language (ru-RU).
[2017.08.13-17.40.49:909][  0]LogInit: Using OS detected locale (ru-RU).
[2017.08.13-17.40.49:911][  0]LogTextLocalizationManager: No localization for 'ru-RU' exists, so 'en' will be used for the language.
[2017.08.13-17.40.49:911][  0]LogTextLocalizationManager: No localization for 'ru-RU' exists, so 'en' will be used for the locale.
[2017.08.13-17.40.50:588][  0]LogD3D11RHI: D3D11 adapters:
[2017.08.13-17.40.51:088][  0]LogD3D11RHI:    0. 'NVIDIA GeForce GTX 1050 Ti' (Feature Level 11_0)
[2017.08.13-17.40.51:088][  0]LogD3D11RHI:       4014/0/4068 MB DedicatedVideo/DedicatedSystem/SharedSystem, Outputs:2, VendorId:0x10de
[2017.08.13-17.40.51:089][  0]LogD3D11RHI:    1. 'Microsoft Basic Render Driver' (Feature Level 11_0)
[2017.08.13-17.40.51:089][  0]LogD3D11RHI:       0/0/4068 MB DedicatedVideo/DedicatedSystem/SharedSystem, Outputs:0, VendorId:0x1414
[2017.08.13-17.40.51:089][  0]LogD3D11RHI: Chosen D3D11 Adapter: 0
[2017.08.13-17.40.51:093][  0]LogD3D11RHI: Creating new Direct3DDevice
[2017.08.13-17.40.51:093][  0]LogD3D11RHI:     GPU DeviceId: 0x1c82 (for the marketing name, search the web for "GPU Device Id")
[2017.08.13-17.40.51:093][  0]LogWindows: EnumDisplayDevices:
[2017.08.13-17.40.51:093][  0]LogWindows:    0. 'NVIDIA GeForce GTX 1050 Ti' (P:1 D:1)
[2017.08.13-17.40.51:093][  0]LogWindows:    1. 'NVIDIA GeForce GTX 1050 Ti' (P:0 D:1)
[2017.08.13-17.40.51:093][  0]LogWindows:    2. 'NVIDIA GeForce GTX 1050 Ti' (P:0 D:0)
[2017.08.13-17.40.51:093][  0]LogWindows:    3. 'NVIDIA GeForce GTX 1050 Ti' (P:0 D:0)
[2017.08.13-17.40.51:093][  0]LogWindows: DebugString: FoundDriverCount:4 
[2017.08.13-17.40.51:093][  0]LogD3D11RHI:     Adapter Name: NVIDIA GeForce GTX 1050 Ti
[2017.08.13-17.40.51:093][  0]LogD3D11RHI:   Driver Version: 384.76 (internal:22.21.13.8476, unified:384.76)
[2017.08.13-17.40.51:093][  0]LogD3D11RHI:      Driver Date: 6-27-2017
[2017.08.13-17.40.51:093][  0]LogRHI: Texture pool is 1361 MB (70% of 1945 MB)
[2017.08.13-17.40.51:552][  0]LogD3D11RHI: Async texture creation enabled
[2017.08.13-17.40.51:622][  0]LogD3D11RHI: GPU Timing Frequency: 1000.000000 (Debug: 2 1)
[2017.08.13-17.40.51:716][  0]LogShaderCompilers: Guid format shader working directory is 11 characters bigger than the processId version (F:/git/UE4_Ball/Intermediate/Shaders/WorkingDirectory/760/).
[2017.08.13-17.40.51:716][  0]LogShaderCompilers: Cleaned the shader compiler working directory 'D:/TEMP/Temp/UnrealShaderWorkingDir/D43010824C817F740AB891868E2DB856/'.
[2017.08.13-17.40.51:716][  0]LogShaderCompilers:Display: Using Local Shader Compiler.
[2017.08.13-17.40.52:476][  0]LogTemp:Display: Loaded TP WindowsClientTargetPlatform
[2017.08.13-17.40.52:505][  0]LogTemp:Display: Loaded TP WindowsNoEditorTargetPlatform
[2017.08.13-17.40.52:533][  0]LogTemp:Display: Loaded TP WindowsServerTargetPlatform
[2017.08.13-17.40.52:556][  0]LogTemp:Display: Loaded TP WindowsTargetPlatform
[2017.08.13-17.40.52:556][  0]LogTargetPlatformManager:Display: Building Assets For Windows
[2017.08.13-17.40.52:813][  0]LogDerivedDataCache:Display: Max Cache Size: 512 MB
[2017.08.13-17.40.52:905][  0]LogDerivedDataCache: Loaded boot cache 0.09s 90MB C:/Users/User/AppData/Local/UnrealEngine/4.16/DerivedDataCache/Boot.ddc.
[2017.08.13-17.40.52:905][  0]LogDerivedDataCache:Display: Loaded Boot cache: C:/Users/User/AppData/Local/UnrealEngine/4.16/DerivedDataCache/Boot.ddc
[2017.08.13-17.40.52:905][  0]LogDerivedDataCache: FDerivedDataBackendGraph:  Pak pak cache file F:/git/UE4_Ball/DerivedDataCache/DDC.ddp not found, will not use a pak cache.
[2017.08.13-17.40.52:905][  0]LogDerivedDataCache: Unable to find inner node Pak for hierarchical cache Hierarchy.
[2017.08.13-17.40.52:906][  0]LogDerivedDataCache: FDerivedDataBackendGraph:  CompressedPak pak cache file F:/git/UE4_Ball/DerivedDataCache/Compressed.ddp not found, will not use a pak cache.
[2017.08.13-17.40.52:906][  0]LogDerivedDataCache: Unable to find inner node CompressedPak for hierarchical cache Hierarchy.
[2017.08.13-17.40.52:919][  0]LogDerivedDataCache:Display: Pak cache opened for reading ../../../Engine/DerivedDataCache/Compressed.ddp.
[2017.08.13-17.40.52:931][  0]LogDerivedDataCache: Using Local data cache path C:/Users/User/AppData/Local/UnrealEngine/Common/DerivedDataCache: Writable
[2017.08.13-17.40.52:940][  0]LogMaterial: Verifying Global Shaders for PCD3D_ES2
[2017.08.13-17.40.52:941][  0]LogSlate: Using Freetype 2.6.0
[2017.08.13-17.40.52:941][  0]LogSlate: SlateFontCache - WITH_FREETYPE: 1, WITH_HARFBUZZ: 1
[2017.08.13-17.40.52:941][  0]LogSlate: SlateFontCache - WITH_FREETYPE: 1, WITH_HARFBUZZ: 1
[2017.08.13-17.40.53:190][  0]LogAssetRegistry: FAssetRegistry took 0.0033 seconds to start up
[2017.08.13-17.40.53:196][  0]LogPackageLocalizationCache: Processed 5 localized package path(s) for 1 prioritized culture(s) in 0.005570 seconds
[2017.08.13-17.40.53:258][  0]LogInit: Selected Device Profile: [Windows]
[2017.08.13-17.40.53:339][  0]LogContentStreaming: Texture pool size is 1000.00 MB
[2017.08.13-17.40.53:467][  0]LogMeshUtilities: Using QuadricMeshReduction for automatic static mesh reduction
[2017.08.13-17.40.53:492][  0]LogSimplygon: Simplygon DLL not present - disabling.
[2017.08.13-17.40.53:517][  0]LogMeshUtilities: Using SimplygonSwarm for distributed automatic mesh merging
[2017.08.13-17.40.53:517][  0]LogMeshUtilities: No automatic skeletal mesh reduction module available
[2017.08.13-17.40.53:517][  0]LogMeshUtilities: No automatic mesh merging module available
[2017.08.13-17.40.53:935][  0]LogNetVersion: PatchBounce , NetCL: 3452394, EngineNetVer: 2, GameNetVer: 0 (Checksum: 1608629453)
[2017.08.13-17.40.53:983][  0]LogInit: WinSock: version 1.1 (2.2), MaxSocks=32767, MaxUdp=65467
[2017.08.13-17.40.54:646][  0]LogMoviePlayer: Initializing movie player
[2017.08.13-17.40.54:700][  0]LogWindowsTextInputMethodSystem:Display: IME system now deactivated.
[2017.08.13-17.40.54:915][  0]LogCollectionManager: Loaded 0 collections in 0.000596 seconds
[2017.08.13-17.40.54:960][  0]LogFileCache: Scanning file cache for directory 'F:/git/UE4_Ball/Saved/Collections/' took 0.01s
[2017.08.13-17.40.54:960][  0]LogFileCache: Scanning file cache for directory 'F:/git/UE4_Ball/Content/Developers/User/Collections/' took 0.01s
[2017.08.13-17.40.54:960][  0]LogFileCache: Scanning file cache for directory 'F:/git/UE4_Ball/Content/Collections/' took 0.01s
[2017.08.13-17.40.54:960][  0]LogCollectionManager: Rebuilt the object cache for 0 collections in 0.000002 seconds (found 0 objects)
[2017.08.13-17.40.54:960][  0]LogCollectionManager: Fixed up redirectors for 0 collections in 0.000051 seconds (updated 0 objects)
[2017.08.13-17.40.55:077][  0]LogTcpMessaging: Initializing TcpMessaging bridge
[2017.08.13-17.40.55:102][  0]LogUdpMessaging: Initializing bridge on interface 0.0.0.0:0 to multicast group 230.0.0.1:6666.
[2017.08.13-17.40.55:331][  0]LogMaterial: Missing cached shader map for material DefaultMaterial, compiling. 
[2017.08.13-17.40.55:636][  0]SourceControl: Info Source control is disabled
[2017.08.13-17.40.55:636][  0]SourceControl: Info Source control is disabled
[2017.08.13-17.40.55:675][  0]SourceControl: Info Source control is disabled
[2017.08.13-17.40.55:895][  0]LogAndroidPermission: UAndroidPermissionCallbackProxy::GetInstance
[2017.08.13-17.40.56:282][  0]LogUObjectArray: 37474 objects as part of root set at end of initial load.
[2017.08.13-17.40.56:282][  0]LogUObjectAllocator: 8492168 out of 0 bytes used by permanent object pool.
[2017.08.13-17.40.56:282][  0]LogUObjectArray: CloseDisregardForGC: 0/0 objects in disregard for GC pool
[2017.08.13-17.40.56:362][  0]LogMaterial: Missing cached shader map for material HighResScreenshot, compiling. 
[2017.08.13-17.40.56:379][  0]LogMaterial: Missing cached shader map for material HighResScreenshotMask, compiling. 
[2017.08.13-17.40.56:393][  0]LogMaterial: Missing cached shader map for material HighResScreenshotCaptureRegion, compiling. 
[2017.08.13-17.40.56:416][  0]LogEngine: Initializing Engine...
[2017.08.13-17.40.56:416][  0]LogHMD: Failed to initialize OpenVR with code 110
[2017.08.13-17.40.56:432][  0]LogMaterial: Missing cached shader map for material WireframeMaterial, compiling. Is special engine material.
[2017.08.13-17.40.56:596][  0]LogMaterial: Missing cached shader map for material LevelColorationLitMaterial, compiling. Is special engine material.
[2017.08.13-17.40.57:123][  0]LogMaterial: Missing cached shader map for material LevelColorationUnlitMaterial, compiling. Is special engine material.
[2017.08.13-17.40.57:205][  0]LogMaterial: Missing cached shader map for material MAT_LevelColorationLitLightmapUV, compiling. Is special engine material.
[2017.08.13-17.40.57:726][  0]LogMaterial: Missing cached shader map for material ShadedLevelColorationLitMaterial, compiling. Is special engine material.
[2017.08.13-17.40.58:257][  0]LogMaterial: Missing cached shader map for material ShadedLevelColorationUnlitMateri, compiling. Is special engine material.
[2017.08.13-17.40.58:332][  0]LogMaterial: Missing cached shader map for material VertexColorMaterial, compiling. 
[2017.08.13-17.40.58:429][  0]LogMaterial: Missing cached shader map for material VertexColorViewMode_ColorOnly, compiling. 
[2017.08.13-17.40.58:443][  0]LogMaterial: Missing cached shader map for material VertexColorViewMode_AlphaAsColor, compiling. 
[2017.08.13-17.40.58:457][  0]LogMaterial: Missing cached shader map for material VertexColorViewMode_RedOnly, compiling. 
[2017.08.13-17.40.58:472][  0]LogMaterial: Missing cached shader map for material VertexColorViewMode_GreenOnly, compiling. 
[2017.08.13-17.40.58:485][  0]LogMaterial: Missing cached shader map for material VertexColorViewMode_BlueOnly, compiling. 
[2017.08.13-17.40.58:498][  0]LogMaterial: Missing cached shader map for material RemoveSurfaceMaterial, compiling. 
[2017.08.13-17.40.58:505][  0]LogMaterial: Missing cached shader map for material DebugMeshMaterial, compiling. 
[2017.08.13-17.40.58:520][  0]LogMaterial: Missing cached shader map for material M_InvalidLightmapSettings, compiling. 
[2017.08.13-17.40.58:584][  0]LogMaterial: Missing cached shader map for material GizmoMaterial, compiling. 
[2017.08.13-17.40.58:596][  0]LogMaterial: Missing cached shader map for material PhAT_JointLimitMaterial, compiling. 
[2017.08.13-17.40.58:729][  0]LogStats: UGameplayTagsManager::ConstructGameplayTagTree: Construct from data asset -  0.000 s
[2017.08.13-17.40.58:729][  0]LogStats: UGameplayTagsManager::ConstructGameplayTagTree: GameplayTagTreeChangedEvent.Broadcast -  0.000 s
[2017.08.13-17.40.58:751][  0]LogInit: XAudio2 using 'Динамики (Realtek High Definition Audio)' : 2 channels at 48 kHz using 32 bits per sample (channel mask 0x3)
[2017.08.13-17.40.58:774][  0]LogInit: FAudioDevice initialized.
[2017.08.13-17.40.58:804][  0]LogInit: Texture streaming: Enabled
[2017.08.13-17.40.58:810][  0]LogMaterial: Missing cached shader map for material BaseColor, compiling. 
[2017.08.13-17.40.58:811][  0]LogMaterial:Warning: Failed to compile Material /Engine/BufferVisualization/BaseColor.BaseColor for platform PCD3D_ES2, Default Material will be used in game.
[2017.08.13-17.40.58:811][  0]LogMaterial:Warning: 	(Node FeatureLevelSwitch) Feature Level switch missing default input
[2017.08.13-17.40.58:815][  0]LogMaterial: Missing cached shader map for material CustomDepth, compiling. 
[2017.08.13-17.40.58:836][  0]LogMaterial: Uniform references updated for custom material expression Custom.
[2017.08.13-17.40.58:838][  0]LogMaterial: Missing cached shader map for material CustomStencil, compiling. 
[2017.08.13-17.40.58:847][  0]LogMaterial: Missing cached shader map for material FinalImage, compiling. 
[2017.08.13-17.40.58:855][  0]LogMaterial: Missing cached shader map for material LightingModel, compiling. 
[2017.08.13-17.40.58:863][  0]LogMaterial: Missing cached shader map for material MaterialAO, compiling. 
[2017.08.13-17.40.58:870][  0]LogMaterial: Missing cached shader map for material Metallic, compiling. 
[2017.08.13-17.40.58:876][  0]LogMaterial: Missing cached shader map for material Opacity, compiling. 
[2017.08.13-17.40.58:885][  0]LogMaterial: Missing cached shader map for material Roughness, compiling. 
[2017.08.13-17.40.58:894][  0]LogMaterial: Missing cached shader map for material SceneColor, compiling. 
[2017.08.13-17.40.58:900][  0]LogMaterial: Missing cached shader map for material SceneDepth, compiling. 
[2017.08.13-17.40.58:907][  0]LogMaterial: Missing cached shader map for material SeparateTranslucencyRGB, compiling. 
[2017.08.13-17.40.58:917][  0]LogMaterial: Missing cached shader map for material SeparateTranslucencyA, compiling. 
[2017.08.13-17.40.58:926][  0]LogMaterial: Missing cached shader map for material Specular, compiling. 
[2017.08.13-17.40.58:926][  0]LogMaterial:Warning: Failed to compile Material /Engine/BufferVisualization/Specular.Specular for platform PCD3D_ES2, Default Material will be used in game.
[2017.08.13-17.40.58:926][  0]LogMaterial:Warning: 	(Node FeatureLevelSwitch) Feature Level switch missing default input
[2017.08.13-17.40.58:929][  0]LogMaterial: Missing cached shader map for material SubsurfaceColor, compiling. 
[2017.08.13-17.40.58:937][  0]LogMaterial: Missing cached shader map for material WorldNormal, compiling. 
[2017.08.13-17.40.58:946][  0]LogMaterial: Missing cached shader map for material AmbientOcclusion, compiling. 
[2017.08.13-17.40.58:959][  0]LogMaterial: Missing cached shader map for material CustomDepthWorldUnits, compiling. 
[2017.08.13-17.40.58:967][  0]LogMaterial: Missing cached shader map for material SceneDepthWorldUnits, compiling. 
[2017.08.13-17.40.58:976][  0]LogMaterial: Missing cached shader map for material PreTonemapHDRColor, compiling. 
[2017.08.13-17.40.58:985][  0]LogMaterial: Missing cached shader map for material PostTonemapHDRColor, compiling. 
[2017.08.13-17.40.59:173][  0]LogSlateStyle:Warning: Unable to find Slate Widget Style 'NormalText'. Using FTextBlockStyle defaults instead.
[2017.08.13-17.40.59:173][  0]LogSlateStyle:Warning: Unable to find Slate Widget Style 'SpinBox'. Using FSpinBoxStyle defaults instead.
[2017.08.13-17.40.59:429][  0]LogInit:Display: Game Engine Initialized.
[2017.08.13-17.40.59:638][  0]LogInit:Display: Starting Game.
[2017.08.13-17.40.59:638][  0]LogNet: Browse: /Temp/Autosaves/Game/Levels/UEDPCLevel_test?Name=Player
[2017.08.13-17.40.59:638][  0]LogLoad: LoadMap: /Temp/Autosaves/Game/Levels/UEDPCLevel_test?Name=Player
[2017.08.13-17.40.59:690][  0]LogMemory: Platform Memory Stats for Windows
[2017.08.13-17.40.59:690][  0]LogMemory: Process Physical Memory: 1177.84 MB used, 1267.83 MB peak
[2017.08.13-17.40.59:690][  0]LogMemory: Process Virtual Memory: 1270.33 MB used, 1313.59 MB peak
[2017.08.13-17.40.59:690][  0]LogMemory: Physical Memory: 4322.62 MB used,  3813.46 MB free, 8136.09 MB total
[2017.08.13-17.40.59:690][  0]LogMemory: Virtual Memory: 1939.97 MB used,  3813.46 MB free, 134217728.00 MB total
[2017.08.13-17.40.59:690][  0]LogMemory: 
[2017.08.13-17.40.59:690][  0]Allocator Stats for TBB: (not implemented)
[2017.08.13-17.41.00:311][  0]LogMaterial: Missing cached shader map for material w_1, compiling. 
[2017.08.13-17.41.00:348][  0]LogMaterial: Missing cached shader map for material selectWays, compiling. 
[2017.08.13-17.41.00:385][  0]LogMaterial: Missing cached shader map for material w_2, compiling. 
[2017.08.13-17.41.00:427][  0]LogMaterial: Missing cached shader map for material BasicShapeMaterial, compiling. 
[2017.08.13-17.41.00:557][  0]LogMaterial: Missing cached shader map for material M_ball, compiling. 
[2017.08.13-17.41.00:719][  0]LogAIModule: Creating AISystem for world Level_test
[2017.08.13-17.41.00:719][  0]LogLoad: Game class is 'GM_Bounce_C'
[2017.08.13-17.41.00:725][  0]LogWorld: Bringing World /Temp/Autosaves/Game/Levels/UEDPCLevel_test.Level_test up for play (max tick rate 0) at 2017.08.13-20.41.00
[2017.08.13-17.41.00:725][  0]LogWorld: Bringing up level for play took: 0.005929
[2017.08.13-17.41.00:726][  0]LogGameMode:Display: Match State Changed from EnteringMap to WaitingToStart
[2017.08.13-17.41.00:726][  0]LogGameState: Match State Changed from EnteringMap to WaitingToStart
[2017.08.13-17.41.00:726][  0]LogGameMode:Display: Match State Changed from WaitingToStart to InProgress
[2017.08.13-17.41.00:732][  0]LogGameState: Match State Changed from WaitingToStart to InProgress
[2017.08.13-17.41.00:732][  0]LogLoad: Took 1.093892 seconds to LoadMap(/Temp/Autosaves/Game/Levels/UEDPCLevel_test)
[2017.08.13-17.41.00:940][  0]LogRenderer: Reallocating scene render targets to support 1280x720 NumSamples 1 (Frame:1).
[2017.08.13-17.41.00:940][  0]LogLoad: (Engine Initialization) Total time: 12.02 seconds
[2017.08.13-17.41.00:940][  0]LogLoad: (Engine Initialization) Total Blueprint compile time: 0.27 seconds
[2017.08.13-17.41.00:940][  0]LogExternalProfiler: No external profilers were discovered.  External profiling features will not be available.
[2017.08.13-17.41.00:958][  0]LogOcInput: OculusInput pre-init called
[2017.08.13-17.41.00:958][  0]LogHMD: Starting GearVRController plugin
[2017.08.13-17.41.24:793][413]LogWindowsTextInputMethodSystem:Display: IME system now deactivated.
[2017.08.13-17.41.24:796][413]LogEngine: All Windows Closed
[2017.08.13-17.41.24:796][413]LogWindows: FPlatformMisc::RequestExit(0)
[2017.08.13-17.41.25:431][414]LogExit: Preparing to exit.
[2017.08.13-17.41.25:431][414]LogMoviePlayer: Shutting down movie player
[2017.08.13-17.41.26:296][414]LogExit: Game engine shut down
[2017.08.13-17.41.26:372][414]LogObj: Freed 0b from 0 cluster array pools.
[2017.08.13-17.41.26:372][414]LogExit: Object subsystem successfully closed.
[2017.08.13-17.41.26:381][414]LogD3D11RHI: Shutdown
[2017.08.13-17.41.26:381][414]LogD3D11RHI: CleanupD3DDevice
[2017.08.13-17.41.26:419][414]LogD3D11RHI: ~FD3D11DynamicRHI
[2017.08.13-17.41.26:424][414]LogModuleManager: Shutting down and abandoning module SequenceRecorderSections (298)
[2017.08.13-17.41.26:424][414]LogModuleManager: Shutting down and abandoning module SequenceRecorder (296)
[2017.08.13-17.41.26:424][414]LogModuleManager: Shutting down and abandoning module AutomationController (294)
[2017.08.13-17.41.26:424][414]LogModuleManager: Shutting down and abandoning module AutomationWorker (292)
[2017.08.13-17.41.26:424][414]LogModuleManager: Shutting down and abandoning module AIModule (290)
[2017.08.13-17.41.26:424][414]LogModuleManager: Shutting down and abandoning module GameplayDebugger (289)
[2017.08.13-17.41.26:424][414]LogModuleManager: Shutting down and abandoning module AITestSuite (287)
[2017.08.13-17.41.26:424][414]LogModuleManager: Shutting down and abandoning module WmfMediaFactory (284)
[2017.08.13-17.41.26:424][414]LogModuleManager: Shutting down and abandoning module AvfMediaFactory (282)
[2017.08.13-17.41.26:424][414]LogModuleManager: Shutting down and abandoning module AndroidMediaFactory (280)
[2017.08.13-17.41.26:424][414]LogModuleManager: Shutting down and abandoning module Media (279)
[2017.08.13-17.41.26:424][414]LogModuleManager: Shutting down and abandoning module CharacterAI (276)
[2017.08.13-17.41.26:424][414]LogModuleManager: Shutting down and abandoning module SessionServices (274)
[2017.08.13-17.41.26:424][414]LogModuleManager: Shutting down and abandoning module MovieSceneCapture (272)
[2017.08.13-17.41.26:424][414]LogModuleManager: Shutting down and abandoning module MovieSceneTracks (270)
[2017.08.13-17.41.26:424][414]LogModuleManager: Shutting down and abandoning module MovieScene (268)
[2017.08.13-17.41.26:424][414]LogModuleManager: Shutting down and abandoning module GeometryCache (266)
[2017.08.13-17.41.26:424][414]LogModuleManager: Shutting down and abandoning module GeometryCacheEd (265)
[2017.08.13-17.41.26:424][414]LogModuleManager: Shutting down and abandoning module Niagara (262)
[2017.08.13-17.41.26:424][414]LogModuleManager: Shutting down and abandoning module NiagaraEditor (261)
[2017.08.13-17.41.26:424][414]LogModuleManager: Shutting down and abandoning module StreamingPauseRendering (258)
[2017.08.13-17.41.26:424][414]LogModuleManager: Shutting down and abandoning module PortalServices (256)
[2017.08.13-17.41.26:424][414]LogModuleManager: Shutting down and abandoning module PortalRpc (254)
[2017.08.13-17.41.26:424][414]LogModuleManager: Shutting down and abandoning module MessagingRpc (252)
[2017.08.13-17.41.26:424][414]LogModuleManager: Shutting down and abandoning module ProfilerService (250)
[2017.08.13-17.41.26:616][414]LogModuleManager: Shutting down and abandoning module TaskGraph (248)
[2017.08.13-17.41.26:616][414]LogModuleManager: Shutting down and abandoning module SteamVRController (246)
[2017.08.13-17.41.26:616][414]LogModuleManager: Shutting down and abandoning module SteamVR (244)
[2017.08.13-17.41.26:616][414]LogModuleManager: Shutting down and abandoning module ProceduralMeshComponent (242)
[2017.08.13-17.41.26:616][414]LogModuleManager: Shutting down and abandoning module OculusLibrary (240)
[2017.08.13-17.41.26:616][414]LogModuleManager: Shutting down and abandoning module OculusInput (238)
[2017.08.13-17.41.26:616][414]LogModuleManager: Shutting down and abandoning module MobilePatchingUtils (236)
[2017.08.13-17.41.26:616][414]LogModuleManager: Shutting down and abandoning module CustomMeshComponent (234)
[2017.08.13-17.41.26:616][414]LogModuleManager: Shutting down and abandoning module CableComponent (232)
[2017.08.13-17.41.26:616][414]LogModuleManager: Shutting down and abandoning module ArchVisCharacter (230)
[2017.08.13-17.41.26:616][414]LogModuleManager: Shutting down and abandoning module AndroidPermission (228)
[2017.08.13-17.41.26:616][414]LogModuleManager: Shutting down and abandoning module HTML5Networking (224)
[2017.08.13-17.41.26:616][414]LogModuleManager: Shutting down and abandoning module VisualStudioSourceCodeAccess (222)
[2017.08.13-17.41.26:616][414]LogModuleManager: Shutting down and abandoning module DesktopPlatform (221)
[2017.08.13-17.41.26:616][414]LogModuleManager: Shutting down and abandoning module HotReload (219)
[2017.08.13-17.41.26:617][414]LogModuleManager: Shutting down and abandoning module UObjectPlugin (216)
[2017.08.13-17.41.26:617][414]LogModuleManager: Shutting down and abandoning module SubversionSourceControl (214)
[2017.08.13-17.41.26:617][414]LogModuleManager: Shutting down and abandoning module PerforceSourceControl (212)
[2017.08.13-17.41.26:617][414]LogModuleManager: Shutting down and abandoning module SourceControl (211)
[2017.08.13-17.41.26:617][414]LogModuleManager: Shutting down and abandoning module PhysXVehiclesEditor (208)
[2017.08.13-17.41.26:617][414]LogModuleManager: Shutting down and abandoning module PhysXVehicles (206)
[2017.08.13-17.41.26:617][414]LogModuleManager: Shutting down and abandoning module LocationServicesBPLibrary (204)
[2017.08.13-17.41.26:617][414]LogModuleManager: Shutting down and abandoning module ImmediatePhysicsEditor (202)
[2017.08.13-17.41.26:617][414]LogModuleManager: Shutting down and abandoning module ImmediatePhysics (200)
[2017.08.13-17.41.26:617][414]LogModuleManager: Shutting down and abandoning module UdpMessaging (198)
[2017.08.13-17.41.26:717][414]LogModuleManager: Shutting down and abandoning module TcpMessaging (196)
[2017.08.13-17.41.27:083][414]LogModuleManager: Shutting down and abandoning module DonAINavigation (194)
[2017.08.13-17.41.27:083][414]LogModuleManager: Shutting down and abandoning module GameplayTagsEditor (192)
[2017.08.13-17.41.27:084][414]LogModuleManager: Shutting down and abandoning module FacialAnimation (190)
[2017.08.13-17.41.27:084][414]LogModuleManager: Shutting down and abandoning module AssetManagerEditor (188)
[2017.08.13-17.41.27:084][414]LogModuleManager: Shutting down and abandoning module GraphEditor (187)
[2017.08.13-17.41.27:084][414]LogModuleManager: Shutting down and abandoning module ContentBrowser (185)
[2017.08.13-17.41.27:084][414]LogModuleManager: Shutting down and abandoning module CollectionManager (184)
[2017.08.13-17.41.27:084][414]LogDirectoryWatcher: A directory notification for 'F:/git/UE4_Ball/Content/Collections/' was aborted.
[2017.08.13-17.41.27:084][414]LogDirectoryWatcher: A directory notification for 'F:/git/UE4_Ball/Content/Developers/User/Collections/' was aborted.
[2017.08.13-17.41.27:084][414]LogDirectoryWatcher: A directory notification for 'F:/git/UE4_Ball/Saved/Collections/' was aborted.
[2017.08.13-17.41.27:084][414]LogModuleManager: Shutting down and abandoning module DirectoryWatcher (183)
[2017.08.13-17.41.27:084][414]LogModuleManager: Shutting down and abandoning module LightPropagationVolumeRuntime (178)
[2017.08.13-17.41.27:084][414]LogModuleManager: Shutting down and abandoning module Paper2D (176)
[2017.08.13-17.41.27:084][414]LogModuleManager: Shutting down and abandoning module WindowsMoviePlayer (174)
[2017.08.13-17.41.27:084][414]LogModuleManager: Shutting down and abandoning module WmfMedia (172)
[2017.08.13-17.41.27:085][414]LogModuleManager: Shutting down and abandoning module ClothingSystemEditor (170)
[2017.08.13-17.41.27:085][414]LogModuleManager: Shutting down and abandoning module ClothingSystemRuntime (168)
[2017.08.13-17.41.27:085][414]LogModuleManager: Shutting down and abandoning module MediaAssets (166)
[2017.08.13-17.41.27:085][414]LogModuleManager: Shutting down and abandoning module GameLiveStreaming (164)
[2017.08.13-17.41.27:085][414]LogModuleManager: Shutting down and abandoning module VREditor (162)
[2017.08.13-17.41.27:085][414]LogModuleManager: Shutting down and abandoning module StringTableEditor (160)
[2017.08.13-17.41.27:085][414]LogModuleManager: Shutting down and abandoning module GameplayTasksEditor (158)
[2017.08.13-17.41.27:085][414]LogModuleManager: Shutting down and abandoning module BehaviorTreeEditor (156)
[2017.08.13-17.41.27:085][414]LogModuleManager: Shutting down and abandoning module FunctionalTesting (154)
[2017.08.13-17.41.27:085][414]LogModuleManager: Shutting down and abandoning module CollisionAnalyzer (152)
[2017.08.13-17.41.27:085][414]LogModuleManager: Shutting down and abandoning module UMG (150)
[2017.08.13-17.41.27:085][414]LogModuleManager: Shutting down and abandoning module UMGEditor (149)
[2017.08.13-17.41.27:085][414]LogModuleManager: Shutting down and abandoning module Sequencer (148)
[2017.08.13-17.41.27:085][414]LogModuleManager: Shutting down and abandoning module AssetTools (146)
[2017.08.13-17.41.27:085][414]LogModuleManager: Shutting down and abandoning module MessageLog (145)
[2017.08.13-17.41.27:085][414]LogModuleManager: Shutting down and abandoning module WorkspaceMenuStructure (144)
[2017.08.13-17.41.27:085][414]LogModuleManager: Shutting down and abandoning module SlateReflector (138)
[2017.08.13-17.41.27:085][414]LogModuleManager: Shutting down and abandoning module Slate (136)
[2017.08.13-17.41.27:085][414]LogModuleManager: Shutting down and abandoning module EditorStyle (134)
[2017.08.13-17.41.27:087][414]LogModuleManager: Shutting down and abandoning module Messaging (132)
[2017.08.13-17.41.27:087][414]LogModuleManager: Shutting down and abandoning module SourceCodeAccess (130)
[2017.08.13-17.41.27:087][414]LogModuleManager: Shutting down and abandoning module HeadMountedDisplay (128)
[2017.08.13-17.41.27:087][414]LogModuleManager: Shutting down and abandoning module XAudio2 (126)
[2017.08.13-17.41.27:087][414]LogModuleManager: Shutting down and abandoning module Networking (124)
[2017.08.13-17.41.27:087][414]LogModuleManager: Shutting down and abandoning module Core (120)
[2017.08.13-17.41.27:087][414]LogModuleManager: Shutting down and abandoning module KismetCompiler (118)
[2017.08.13-17.41.27:087][414]LogModuleManager: Shutting down and abandoning module LevelSequence (116)
[2017.08.13-17.41.27:087][414]LogModuleManager: Shutting down and abandoning module PhysXFormats (114)
[2017.08.13-17.41.27:087][414]LogModuleManager: Shutting down and abandoning module MeshUtilities (112)
[2017.08.13-17.41.27:087][414]LogModuleManager: Shutting down and abandoning module SimplygonSwarm (111)
[2017.08.13-17.41.27:087][414]LogModuleManager: Shutting down and abandoning module SimplygonMeshReduction (109)
[2017.08.13-17.41.27:087][414]LogModuleManager: Shutting down and abandoning module QuadricMeshReduction (107)
[2017.08.13-17.41.27:087][414]LogModuleManager: Shutting down and abandoning module AssetRegistry (104)
[2017.08.13-17.41.27:087][414]LogModuleManager: Shutting down and abandoning module DerivedDataCache (102)
[2017.08.13-17.41.27:452][414]LogDerivedDataCache: Shutdown
[2017.08.13-17.41.27:452][414]LogModuleManager: Shutting down and abandoning module TargetPlatform (100)
[2017.08.13-17.41.27:452][414]LogModuleManager: Shutting down and abandoning module VulkanShaderFormat (99)
[2017.08.13-17.41.27:452][414]LogModuleManager: Shutting down and abandoning module ShaderFormatVectorVM (97)
[2017.08.13-17.41.27:452][414]LogModuleManager: Shutting down and abandoning module ShaderFormatOpenGL (95)
[2017.08.13-17.41.27:452][414]LogModuleManager: Shutting down and abandoning module ShaderFormatD3D (93)
[2017.08.13-17.41.27:452][414]LogModuleManager: Shutting down and abandoning module MetalShaderFormat (91)
[2017.08.13-17.41.27:452][414]LogModuleManager: Shutting down and abandoning module TextureFormatUncompressed (89)
[2017.08.13-17.41.27:452][414]LogModuleManager: Shutting down and abandoning module TextureFormatPVR (87)
[2017.08.13-17.41.27:452][414]LogModuleManager: Shutting down and abandoning module TextureFormatDXT (85)
[2017.08.13-17.41.27:452][414]LogModuleManager: Shutting down and abandoning module TextureFormatIntelISPCTexComp (83)
[2017.08.13-17.41.27:452][414]LogModuleManager: Shutting down and abandoning module TextureFormatASTC (81)
[2017.08.13-17.41.27:452][414]LogModuleManager: Shutting down and abandoning module ImageWrapper (80)
[2017.08.13-17.41.27:452][414]LogModuleManager: Shutting down and abandoning module TextureFormatAndroid (77)
[2017.08.13-17.41.27:452][414]LogModuleManager: Shutting down and abandoning module AudioFormatOpus (75)
[2017.08.13-17.41.27:452][414]LogModuleManager: Shutting down and abandoning module AudioFormatOgg (73)
[2017.08.13-17.41.27:452][414]LogModuleManager: Shutting down and abandoning module AudioFormatADPCM (71)
[2017.08.13-17.41.27:452][414]LogModuleManager: Shutting down and abandoning module WindowsTargetPlatform (69)
[2017.08.13-17.41.27:452][414]LogModuleManager: Shutting down and abandoning module WindowsServerTargetPlatform (67)
[2017.08.13-17.41.27:452][414]LogModuleManager: Shutting down and abandoning module WindowsNoEditorTargetPlatform (65)
[2017.08.13-17.41.27:452][414]LogModuleManager: Shutting down and abandoning module WindowsClientTargetPlatform (63)
[2017.08.13-17.41.27:452][414]LogModuleManager: Shutting down and abandoning module InputCore (60)
[2017.08.13-17.41.27:452][414]LogModuleManager: Shutting down and abandoning module Settings (58)
[2017.08.13-17.41.27:452][414]LogModuleManager: Shutting down and abandoning module OculusRift (56)
[2017.08.13-17.41.27:452][414]LogModuleManager: Shutting down and abandoning module GearVRController (54)
[2017.08.13-17.41.27:452][414]LogModuleManager: Shutting down and abandoning module GearVR (52)
[2017.08.13-17.41.27:452][414]LogModuleManager: Shutting down and abandoning module ExampleDeviceProfileSelector (50)
[2017.08.13-17.41.27:452][414]LogModuleManager: Shutting down and abandoning module OnlineBlueprintSupport (48)
[2017.08.13-17.41.27:452][414]LogModuleManager: Shutting down and abandoning module OnlineSubsystem (44)
[2017.08.13-17.41.27:452][414]LogOnline:Display: Unloading online subsystem: NULL
[2017.08.13-17.41.27:452][414]LogModuleManager: Shutting down and abandoning module XMPP (43)
[2017.08.13-17.41.27:452][414]LogModuleManager: Shutting down and abandoning module HTTP (41)
[2017.08.13-17.41.27:475][414]LogModuleManager: Shutting down and abandoning module SSL (40)
[2017.08.13-17.41.27:476][414]LogModuleManager: Shutting down and abandoning module HTTPChunkInstaller (36)
[2017.08.13-17.41.27:476][414]LogModuleManager: Shutting down and abandoning module AnimationModifiers (34)
[2017.08.13-17.41.27:476][414]LogModuleManager: Shutting down and abandoning module PropertyEditor (33)
[2017.08.13-17.41.27:476][414]LogModuleManager: Shutting down and abandoning module AudioEditor (30)
[2017.08.13-17.41.27:476][414]LogModuleManager: Shutting down and abandoning module TextureCompressor (28)
[2017.08.13-17.41.27:476][414]LogModuleManager: Shutting down and abandoning module ShaderCore (26)
[2017.08.13-17.41.27:476][414]LogModuleManager: Shutting down and abandoning module Landscape (24)
[2017.08.13-17.41.27:476][414]LogModuleManager: Shutting down and abandoning module SlateRHIRenderer (22)
[2017.08.13-17.41.27:477][414]LogModuleManager: Shutting down and abandoning module OpenGLDrv (20)
[2017.08.13-17.41.27:477][414]LogModuleManager: Shutting down and abandoning module D3D11RHI (18)
[2017.08.13-17.41.27:477][414]LogModuleManager: Shutting down and abandoning module AnimGraphRuntime (16)
[2017.08.13-17.41.27:477][414]LogModuleManager: Shutting down and abandoning module Renderer (14)
[2017.08.13-17.41.27:477][414]LogModuleManager: Shutting down and abandoning module Engine (12)
[2017.08.13-17.41.27:477][414]LogModuleManager: Shutting down and abandoning module CoreUObject (10)
[2017.08.13-17.41.27:477][414]LogModuleManager: Shutting down and abandoning module NetworkFile (8)
[2017.08.13-17.41.27:477][414]LogModuleManager: Shutting down and abandoning module StreamingFile (6)
[2017.08.13-17.41.27:477][414]LogModuleManager: Shutting down and abandoning module SandboxFile (4)
[2017.08.13-17.41.27:477][414]LogModuleManager: Shutting down and abandoning module PakFile (2)
[2017.08.13-17.41.27:477][414]LogExit: Exiting.
[2017.08.13-17.41.27:479][414]Log file closed, 08/13/17 20:41:27
